{"/home/agu/Projects/fytech/test/e2e/Helpers.ts": {"path":"/home/agu/Projects/fytech/test/e2e/Helpers.ts","statementMap":{"0":{"start":{"line":1,"column":0},"end":{"line":1,"column":37}},"1":{"start":{"line":4,"column":0},"end":{"line":4,"column":53}},"2":{"start":{"line":5,"column":0},"end":{"line":5,"column":53}},"3":{"start":{"line":16,"column":4},"end":{"line":16,"column":72}},"4":{"start":{"line":27,"column":4},"end":{"line":27,"column":46}},"5":{"start":{"line":29,"column":4},"end":{"line":38,"column":6}},"6":{"start":{"line":50,"column":4},"end":{"line":63,"column":19}},"7":{"start":{"line":75,"column":4},"end":{"line":88,"column":19}},"8":{"start":{"line":7,"column":0},"end":{"line":7,"column":21}}},"fnMap":{"0":{"name":"(anonymous_0)","decl":{"start":{"line":8,"column":2},"end":{"line":8,"column":8}},"loc":{"start":{"line":14,"column":5},"end":{"line":17,"column":3}}},"1":{"name":"(anonymous_1)","decl":{"start":{"line":19,"column":2},"end":{"line":19,"column":8}},"loc":{"start":{"line":25,"column":5},"end":{"line":39,"column":3}}},"2":{"name":"(anonymous_2)","decl":{"start":{"line":41,"column":2},"end":{"line":41,"column":8}},"loc":{"start":{"line":48,"column":20},"end":{"line":64,"column":3}}},"3":{"name":"(anonymous_3)","decl":{"start":{"line":66,"column":2},"end":{"line":66,"column":8}},"loc":{"start":{"line":73,"column":20},"end":{"line":89,"column":3}}}},"branchMap":{"0":{"loc":{"start":{"line":10,"column":4},"end":{"line":14,"column":null}},"type":"default-arg","locations":[{"start":{"line":10,"column":18},"end":{"line":14,"column":null}}]},"1":{"loc":{"start":{"line":21,"column":4},"end":{"line":25,"column":null}},"type":"default-arg","locations":[{"start":{"line":21,"column":18},"end":{"line":25,"column":null}}]}},"s":{"0":1,"1":1,"2":1,"3":1,"4":1,"5":1,"6":1,"7":1,"8":1},"f":{"0":1,"1":1,"2":1,"3":1},"b":{"0":[0],"1":[1]}}
,"/home/agu/Projects/fytech/test/e2e/config/e2e-app-creator.ts": {"path":"/home/agu/Projects/fytech/test/e2e/config/e2e-app-creator.ts","statementMap":{"0":{"start":{"line":1,"column":0},"end":{"line":1,"column":54}},"1":{"start":{"line":2,"column":0},"end":{"line":2,"column":52}},"2":{"start":{"line":4,"column":0},"end":{"line":4,"column":52}},"3":{"start":{"line":5,"column":0},"end":{"line":5,"column":73}},"4":{"start":{"line":6,"column":0},"end":{"line":6,"column":87}},"5":{"start":{"line":9,"column":39},"end":{"line":11,"column":14}},"6":{"start":{"line":13,"column":14},"end":{"line":13,"column":51}},"7":{"start":{"line":15,"column":2},"end":{"line":15,"column":58}},"8":{"start":{"line":15,"column":32},"end":{"line":15,"column":56}},"9":{"start":{"line":17,"column":2},"end":{"line":19,"column":4}},"10":{"start":{"line":18,"column":4},"end":{"line":18,"column":42}},"11":{"start":{"line":21,"column":2},"end":{"line":21,"column":19}},"12":{"start":{"line":23,"column":2},"end":{"line":23,"column":54}},"13":{"start":{"line":25,"column":2},"end":{"line":25,"column":13}},"14":{"start":{"line":8,"column":0},"end":{"line":8,"column":15}},"15":{"start":{"line":31,"column":23},"end":{"line":31,"column":42}},"16":{"start":{"line":32,"column":18},"end":{"line":32,"column":40}},"17":{"start":{"line":36,"column":23},"end":{"line":37,"column":44}},"18":{"start":{"line":39,"column":2},"end":{"line":39,"column":42}}},"fnMap":{"0":{"name":"createAppToTest","decl":{"start":{"line":8,"column":30},"end":{"line":8,"column":45}},"loc":{"start":{"line":8,"column":45},"end":{"line":26,"column":1}}},"1":{"name":"(anonymous_1)","decl":{"start":{"line":15,"column":22},"end":{"line":15,"column":23}},"loc":{"start":{"line":15,"column":32},"end":{"line":15,"column":56}}},"2":{"name":"(anonymous_2)","decl":{"start":{"line":17,"column":29},"end":{"line":17,"column":30}},"loc":{"start":{"line":18,"column":4},"end":{"line":18,"column":42}}},"3":{"name":"setUpTransactionToRollbackDatabaseBetweenTests","decl":{"start":{"line":28,"column":9},"end":{"line":28,"column":55}},"loc":{"start":{"line":29,"column":28},"end":{"line":40,"column":1}}}},"branchMap":{},"s":{"0":1,"1":1,"2":1,"3":1,"4":1,"5":1,"6":1,"7":1,"8":1,"9":1,"10":2,"11":1,"12":1,"13":1,"14":1,"15":1,"16":1,"17":1,"18":1},"f":{"0":1,"1":1,"2":2,"3":1},"b":{}}
}
