TN:
SF:test/e2e/Helpers.ts
FN:8,(anonymous_0)
FN:19,(anonymous_1)
FN:41,(anonymous_2)
FN:66,(anonymous_3)
FNF:4
FNH:4
FNDA:1,(anonymous_0)
FNDA:1,(anonymous_1)
FNDA:1,(anonymous_2)
FNDA:1,(anonymous_3)
DA:1,1
DA:4,1
DA:5,1
DA:7,1
DA:16,1
DA:27,1
DA:29,1
DA:50,1
DA:75,1
LF:9
LH:9
BRDA:10,0,0,0
BRDA:21,1,0,1
BRF:2
BRH:1
end_of_record
TN:
SF:test/e2e/config/e2e-app-creator.ts
FN:8,createAppToTest
FN:15,(anonymous_1)
FN:17,(anonymous_2)
FN:28,setUpTransactionToRollbackDatabaseBetweenTests
FNF:4
FNH:4
FNDA:1,createAppToTest
FNDA:1,(anonymous_1)
FNDA:2,(anonymous_2)
FNDA:1,setUpTransactionToRollbackDatabaseBetweenTests
DA:1,1
DA:2,1
DA:4,1
DA:5,1
DA:6,1
DA:8,1
DA:9,1
DA:13,1
DA:15,1
DA:17,1
DA:18,2
DA:21,1
DA:23,1
DA:25,1
DA:31,1
DA:32,1
DA:36,1
DA:39,1
LF:18
LH:18
BRF:0
BRH:0
end_of_record
